t/audit-trail.pg ............................................................................ ok
t/contact.pg ................................................................................ ok
t/contact/get_contact.pg .................................................................... ok
t/contact/get_order_contact.pg .............................................................. ok
t/domain/delete_domain_with_reason.pg ....................................................... ok
t/domain/dns_sec_validation.pg .............................................................. ok
t/domain/rgp_status.pg ...................................................................... ok
t/history/history.pg ........................................................................ ok
t/hosting/hosting.pg ........................................................................ ok
t/hosting_status/hosting-bc.pg .............................................................. ok
t/hosting_status/hosting-status.pg .......................................................... ok
t/hosting_status/order_item_create_hosting-bc.pg ............................................ ok
t/hosting_status/provision_hosting_create-bc.pg ............................................. ok
t/hosting_status/provision_hosting_delete-bc.pg ............................................. ok
t/hosting_status/provision_hosting_update-bc.pg ............................................. ok
t/job/job_chaining_hard_failure.pg .......................................................... ok
t/job/job_chaining_soft_failure.pg .......................................................... ok
t/job/job_chaining_soft_failure_all.pg ...................................................... ok
t/job/job_chaining_soft_failure_noop_parent.pg .............................................. ok
t/job/job_chaining_success.pg ............................................................... ok
t/job/job_chaining_success_noop_parent.pg ................................................... ok
t/job/job_submit_retriable.pg ............................................................... ok
t/lock/domain_delete_lock.pg ................................................................ ok
t/lock/domain_lock.pg ....................................................................... ok
t/lock/domain_update_lock.pg ................................................................ ok
t/orders/create_contact_order.pg ............................................................ ok
t/orders/create_domain/create_domain_includes_idn.pg ........................................ ok
t/orders/create_domain/create_domain_includes_idn_no_lang.pg ................................ ok
t/orders/create_domain/create_domain_includes_launch_data.pg ................................ ok
t/orders/create_domain/create_domain_order.pg ............................................... ok
t/orders/create_domain/create_domain_order_claims_validation.pg ............................. ok
t/orders/create_domain/create_domain_order_host_provision_not_allowed.pg .................... ok
t/orders/create_domain/create_domain_order_host_validate_ipv6_address.pg .................... ok
t/orders/create_domain/create_domain_order_no_hosts.pg ...................................... ok
t/orders/create_domain/create_domain_order_secdns.pg ........................................ ok
t/orders/create_domain/create_domain_order_short_id_contact.pg .............................. ok
t/orders/create_domain/create_domain_order_unsupported_contact_type.pg ...................... ok
t/orders/create_domain/create_domain_order_validation.pg .................................... ok
t/orders/create_domain/create_domain_order_validation_fail.pg ............................... ok
t/orders/create_domain/create_domain_order_validation_skip_host.pg .......................... ok
t/orders/create_host/create_host_order.pg ................................................... ok
t/orders/create_host/create_host_order_fail_already_exists.pg ............................... ok
t/orders/create_host/create_host_order_host_object_unsupported.pg ........................... ok
t/orders/create_host/create_host_order_missing_ip_addresses.pg .............................. ok
t/orders/create_host/create_host_order_no_parent_domain.pg .................................. ok
t/orders/create_host/create_host_order_validate_ipv6_address.pg ............................. ok
t/orders/create_hosting/create_hosting_active_order_exists.pg ............................... ok
t/orders/create_hosting/create_hosting_order.pg ............................................. ok
t/orders/create_hosting/create_hosting_order_cancel.pg ...................................... ok
t/orders/create_hosting/create_hosting_order_cancel_after_cert_request.pg ................... ok
t/orders/create_hosting/create_hosting_order_cancel_after_dns_check.pg ...................... ok
t/orders/create_hosting/create_hosting_order_cancel_not_allowed.pg .......................... ok
t/orders/create_hosting/create_hosting_order_no_certificate.pg .............................. ok
t/orders/delete_contact_order.pg ............................................................ ok
t/orders/delete_domain/delete_domain_order.pg ............................................... ok
t/orders/delete_domain/delete_domain_order_with_hosts_all_fail.pg ........................... ok
t/orders/delete_domain/delete_domain_order_with_hosts_all_success.pg ........................ ok
t/orders/delete_domain/delete_domain_order_with_hosts_linked_fail.pg ........................ ok
t/orders/delete_domain/delete_domain_order_with_hosts_partial_fail.pg ....................... ok
t/orders/delete_domain/delete_domain_order_with_one_host_fail.pg ............................ ok
t/orders/delete_domain/delete_domain_order_with_one_host_success.pg ......................... ok
t/orders/delete_host/delete_host_order.pg ................................................... ok
t/orders/delete_host/delete_host_order_host_does_not_exist.pg ............................... ok
t/orders/delete_host/delete_host_order_host_in_use.pg ....................................... ok
t/orders/delete_hosting_order.pg ............................................................ ok
t/orders/internal/update_domain_order_secdns.pg ............................................. ok
t/orders/order_item_strategy.pg ............................................................. ok
t/orders/order_validation/auth_info_syntax_max_length.pg .................................... ok
t/orders/order_validation/auth_info_syntax_min_length.pg .................................... ok
t/orders/order_validation/auth_info_syntax_valid.pg ......................................... ok
t/orders/order_validation/domain_contact_type/domain_contact_type_given_invalid.pg .......... ok
t/orders/order_validation/domain_contact_type/domain_contact_type_multiple.pg ............... ok
t/orders/order_validation/domain_contact_type/domain_contact_type_required_missing.pg ....... ok
t/orders/order_validation/domain_name_syntax_max_length.pg .................................. ok
t/orders/order_validation/domain_name_syntax_min_length.pg .................................. ok
t/orders/order_validation/domain_secdns/create_domain_secdns_records_count_validation.pg .... ok
t/orders/order_validation/domain_secdns/domain_secdns_dsdata_only_supported.pg .............. ok
t/orders/order_validation/domain_secdns/domain_secdns_dsdata_with_keydata_not_supported.pg .. ok
t/orders/order_validation/domain_secdns/domain_secdns_keydata_only_supported.pg ............. ok
t/orders/order_validation/domain_secdns/domain_secdns_not_supported.pg ...................... ok
t/orders/order_validation/domain_secdns/update_domain_secdns_records_count_validation.pg .... ok
t/orders/order_validation/order_type_allowed.pg ............................................. ok
t/orders/order_validation/order_type_requires_auth_info.pg .................................. ok
t/orders/order_validation/tld_active.pg ..................................................... ok
t/orders/redeem_domain/redeem_domain_order.pg ............................................... ok
t/orders/redeem_domain/redeem_domain_order_validation.pg .................................... ok
t/orders/redeem_domain/redeem_domain_order_validation_fail.pg ............................... ok
t/orders/renew_domain/renew_domain_order.pg ................................................. ok
t/orders/renew_domain/renew_domain_order_validation.pg ...................................... ok
t/orders/renew_domain/renew_domain_order_validation_fail.pg ................................. ok
t/orders/transfer_action_domain/transfer_domain_order_client_approved_success.pg ............ ok
t/orders/transfer_action_domain/transfer_domain_order_client_cancelled.pg ................... ok
t/orders/transfer_action_domain/transfer_domain_order_client_cancelled_success.pg ........... ok
t/orders/transfer_action_domain/transfer_domain_order_client_rejected_success.pg ............ ok
t/orders/transfer_action_domain/transfer_domain_order_domain_not_found.pg ................... ok
t/orders/transfer_action_domain/transfer_domain_order_server_approved_success.pg ............ ok
t/orders/transfer_action_domain/transfer_domain_order_unsupported_status.pg ................. ok
t/orders/transfer_domain/transfer_domain_order.pg ........................................... ok
t/orders/transfer_domain/transfer_domain_order_failed_by_tld_settings.pg .................... ok
t/orders/transfer_domain/transfer_domain_order_failed_multiple_transfers.pg ................. ok
t/orders/transfer_domain/transfer_domain_order_rejected.pg .................................. ok
t/orders/transfer_domain/transfer_domain_order_validation.pg ................................ ok
t/orders/transfer_domain/transfer_domain_order_validation_fail.pg ........................... ok
t/orders/transfer_domain/transfer_domain_order_validation_job_chain.pg ...................... ok
t/orders/update_contact/contact_not_linked_to_domain.pg ..................................... ok
t/orders/update_contact/contact_not_linked_to_domain_short_id.pg ............................ ok
t/orders/update_contact/registrant_contact_change_fail.pg ................................... ok
t/orders/update_contact/registrant_contact_change_null_field_fail.pg ........................ ok
t/orders/update_contact/registrant_postal_change_fail.pg .................................... ok
t/orders/update_contact/registrant_postal_change_null_field_fail.pg ......................... ok
t/orders/update_contact/split_contact_fail.pg ............................................... ok
t/orders/update_contact/split_contact_successful.pg ......................................... ok
t/orders/update_domain/update_domain_order.pg ............................................... ok
t/orders/update_domain/update_domain_order_host_provision_not_allowed.pg .................... ok
t/orders/update_domain/update_domain_order_host_validate_ipv6_address.pg .................... ok
t/orders/update_domain/update_domain_order_secdns.pg ........................................ ok
t/orders/update_domain/update_domain_order_unsupported_contact_type.pg ...................... ok
t/orders/update_domain/update_domain_order_with_hosts.pg .................................... ok
t/orders/update_host/update_host_order.pg ................................................... ok
t/orders/update_host/update_host_order_host_does_not_exist.pg ............................... ok
t/orders/update_host/update_host_order_host_object_unsupported.pg ........................... ok
t/orders/update_host/update_host_order_missing_ip_addresses.pg .............................. ok
t/orders/update_host/update_host_order_no_parent_domain.pg .................................. ok
t/orders/update_host/update_host_order_validate_ipv6_address.pg ............................. ok
t/orders/update_hosting_order.pg ............................................................ ok
t/pg-domains.pg ............................................................................. ok
t/rdp/get_domain_data_element_for_permission.pg ............................................. ok
t/rdp/rdp_validations.pg .................................................................... ok
t/simple.pg ................................................................................. ok
t/tld_config/config.pg ...................................................................... ok
t/tld_config/get_tld_setting.pg ............................................................. ok
t/tld_config/update_attribute.pg ............................................................ ok
t/validations/validations.pg ................................................................ ok
All tests successful.
Files=134, Tests=1620, 17 wallclock secs ( 0.22 usr  0.20 sys +  2.07 cusr  0.72 csys =  3.21 CPU)
Result: PASS
